<?xml version="1.0" encoding="UTF-8"?>
<!-- Generated by org.testng.reporters.JUnitReportReporter -->
<testsuite hostname="MAYUR" failures="0" tests="1" name="LearnTestng.ActiTimeLoginParameterization" time="23.547" errors="0" timestamp="2023-08-27T01:51:42 IST" skipped="0">
  <testcase classname="LearnTestng.ActiTimeLoginParameterization" name="login" time="23.547"/>
  <system-out/>
</testsuite> <!-- LearnTestng.ActiTimeLoginParameterization -->
