<?xml version="1.0" encoding="UTF-8"?>
<!-- Generated by org.testng.reporters.JUnitReportReporter -->
<testsuite hostname="MAYUR" failures="0" tests="2" name="learntestng.TestNGClass" time="0.017" errors="0" timestamp="2023-07-27T23:55:25 IST" skipped="0">
  <testcase classname="learntestng.TestNGClass" name="facebookSignup" time="0.002"/>
  <system-out/>
  <testcase classname="learntestng.TestNGClass" name="facebookSignup" time="0.015"/>
  <system-out/>
</testsuite> <!-- learntestng.TestNGClass -->
