<?xml version="1.0" encoding="UTF-8"?>
<!-- Generated by org.testng.reporters.JUnitReportReporter -->
<testsuite hostname="MAYUR" failures="0" tests="1" name="learntestng.ActiTimeLogin" time="10.369" errors="0" timestamp="2023-07-27T11:36:06 IST" skipped="0">
  <testcase classname="learntestng.ActiTimeLogin" name="login" time="10.369"/>
  <system-out/>
</testsuite> <!-- learntestng.ActiTimeLogin -->
