<?xml version="1.0" encoding="UTF-8"?>
<!-- Generated by org.testng.reporters.JUnitReportReporter -->
<testsuite hostname="MAYUR" failures="0" tests="1" name="learntestng.StoreAndUseDataInSameClassForTest" time="0.011" errors="0" timestamp="2023-07-28T10:04:35 IST" skipped="0">
  <testcase classname="learntestng.StoreAndUseDataInSameClassForTest" name="facebookSignup" time="0.011"/>
  <system-out/>
</testsuite> <!-- learntestng.StoreAndUseDataInSameClassForTest -->
