<?xml version="1.0" encoding="UTF-8"?>
<!-- Generated by org.testng.reporters.JUnitReportReporter -->
<testsuite hostname="MAYUR" failures="0" tests="14" name="LearnTestng.KGF" time="0.009" errors="0" timestamp="2023-08-11T11:02:04 IST" skipped="1">
  <testcase classname="LearnTestng.KGF" name="suryaVardhan" time="0.001"/>
  <system-out/>
  <testcase classname="LearnTestng.KGF" name="garuda" time="0.001"/>
  <system-out/>
  <testcase classname="LearnTestng.KGF" name="rockyBhai" time="0.001"/>
  <system-out/>
  <testcase classname="LearnTestng.KGF" name="rockyBhai" time="0.001"/>
  <system-out/>
  <testcase classname="LearnTestng.KGF" name="rockyBhai" time="0.001"/>
  <system-out/>
  <testcase classname="LearnTestng.KGF" name="rockyBhai" time="0.000"/>
  <system-out/>
  <testcase classname="LearnTestng.KGF" name="rockyBhai" time="0.000"/>
  <system-out/>
  <testcase classname="LearnTestng.KGF" name="rockyBhai" time="0.001"/>
  <system-out/>
  <testcase classname="LearnTestng.KGF" name="rockyBhai" time="0.000"/>
  <system-out/>
  <testcase classname="LearnTestng.KGF" name="adheera" time="0.001"/>
  <system-out/>
  <testcase classname="LearnTestng.KGF" name="ramikaSen" time="0.000"/>
  <system-out/>
  <testcase classname="LearnTestng.KGF" name="rajendraDesai" time="0.001"/>
  <system-out/>
  <testcase classname="LearnTestng.KGF" name="mumbaiShetty" time="0.001"/>
  <system-out/>
  <testcase classname="LearnTestng.KGF" name="vanaram">
    <skipped/>
  </testcase> <!-- vanaram -->
  <system-out/>
</testsuite> <!-- LearnTestng.KGF -->
