<?xml version="1.0" encoding="UTF-8"?>
<!-- Generated by org.testng.reporters.JUnitReportReporter -->
<testsuite hostname="MAYUR" failures="0" tests="3" name="LearnTestng.DependsOnGroup" time="0.011" errors="0" timestamp="2023-08-30T00:48:59 IST" skipped="0">
  <testcase classname="LearnTestng.DependsOnGroup" name="testCase3" time="0.001"/>
  <system-out/>
  <testcase classname="LearnTestng.DependsOnGroup" name="testCase1" time="0.009"/>
  <system-out/>
  <testcase classname="LearnTestng.DependsOnGroup" name="testCase2" time="0.001"/>
  <system-out/>
</testsuite> <!-- LearnTestng.DependsOnGroup -->
