<?xml version="1.0" encoding="UTF-8"?>
<!-- Generated by org.testng.reporters.JUnitReportReporter -->
<testsuite hostname="MAYUR" failures="0" tests="1" name="LearnTestng.ModuleName" time="0.001" errors="0" timestamp="2023-08-11T11:02:04 IST" skipped="0">
  <testcase classname="LearnTestng.ModuleName" name="testCaseName" time="0.001"/>
  <system-out/>
</testsuite> <!-- LearnTestng.ModuleName -->
