<?xml version="1.0" encoding="UTF-8"?>
<!-- Generated by org.testng.reporters.JUnitReportReporter -->
<testsuite hostname="MAYUR" failures="0" tests="2" name="LearnTestng.ClassC" time="0.012" errors="0" timestamp="2023-08-27T01:54:09 IST" skipped="0">
  <testcase classname="LearnTestng.ClassC" name="testF" time="0.010"/>
  <system-out/>
  <testcase classname="LearnTestng.ClassC" name="testH" time="0.002"/>
  <system-out/>
</testsuite> <!-- LearnTestng.ClassC -->
