<?xml version="1.0" encoding="UTF-8"?>
<!-- Generated by org.testng.reporters.JUnitReportReporter -->
<testsuite hostname="MAYUR" failures="0" tests="2" name="learntestng.ClassA" time="0.009" errors="0" timestamp="2023-07-28T11:40:23 IST" skipped="0">
  <testcase classname="learntestng.ClassA" name="testCaseA" time="0.008"/>
  <system-out/>
  <testcase classname="learntestng.ClassA" name="testCaseB" time="0.001"/>
  <system-out/>
</testsuite> <!-- learntestng.ClassA -->
