<?xml version="1.0" encoding="UTF-8"?>
<!-- Generated by org.testng.reporters.JUnitReportReporter -->
<testsuite hostname="MAYUR" failures="0" tests="1" name="com.info.trello.generalutility.BaseClass" time="4.767" errors="0" timestamp="2023-08-12T11:15:45 IST" skipped="0">
  <testcase classname="com.info.trello.generalutility.BaseClass" name="configBeforeMethod" time="4.767"/>
  <system-out/>
</testsuite> <!-- com.info.trello.generalutility.BaseClass -->
