<?xml version="1.0" encoding="UTF-8"?>
<!-- Generated by org.testng.reporters.JUnitReportReporter -->
<testsuite hostname="MAYUR" failures="0" tests="4" name="learntestng.ClassB" time="0.026" errors="0" timestamp="2023-07-31T10:20:21 IST" skipped="0">
  <testcase classname="learntestng.ClassB" name="testB" time="0.011"/>
  <system-out/>
  <testcase classname="learntestng.ClassB" name="testD" time="0.002"/>
  <system-out/>
  <testcase classname="learntestng.ClassB" name="testA" time="0.010"/>
  <system-out/>
  <testcase classname="learntestng.ClassB" name="testC" time="0.003"/>
  <system-out/>
</testsuite> <!-- learntestng.ClassB -->
