<?xml version="1.0" encoding="UTF-8"?>
<!-- Generated by org.testng.reporters.JUnitReportReporter -->
<testsuite hostname="MAYUR" failures="0" tests="8" name="learntestng.Facebook" time="0.024" errors="0" timestamp="2023-07-29T12:25:25 IST" skipped="0">
  <testcase classname="learntestng.Facebook" name="deleteFriendRequest" time="0.001"/>
  <system-out/>
  <testcase classname="learntestng.Facebook" name="signUp" time="0.015"/>
  <system-out/>
  <testcase classname="learntestng.Facebook" name="CommentPost" time="0.002"/>
  <system-out/>
  <testcase classname="learntestng.Facebook" name="sendFrindRequest" time="0.002"/>
  <system-out/>
  <testcase classname="learntestng.Facebook" name="login" time="0.001"/>
  <system-out/>
  <testcase classname="learntestng.Facebook" name="likePhoto" time="0.001"/>
  <system-out/>
  <testcase classname="learntestng.Facebook" name="acceptFriendRequest" time="0.001"/>
  <system-out/>
  <testcase classname="learntestng.Facebook" name="uploadProfilePic" time="0.001"/>
  <system-out/>
</testsuite> <!-- learntestng.Facebook -->
