<?xml version="1.0" encoding="UTF-8"?>
<!-- Generated by org.testng.reporters.JUnitReportReporter -->
<testsuite hostname="MAYUR" failures="0" tests="1" name="learntestng.UseOptionalAnnotation" time="5.340" errors="0" timestamp="2023-07-31T12:03:19 IST" skipped="0">
  <testcase classname="learntestng.UseOptionalAnnotation" name="testCase" time="5.340"/>
  <system-out/>
</testsuite> <!-- learntestng.UseOptionalAnnotation -->
