<?xml version="1.0" encoding="UTF-8"?>
<!-- Generated by org.testng.reporters.JUnitReportReporter -->
<testsuite hostname="MAYUR" failures="0" tests="1" name="LearnTestng.AchieveParameterization" time="7.527" errors="0" timestamp="2023-08-27T01:45:40 IST" skipped="0">
  <testcase classname="LearnTestng.AchieveParameterization" name="launchBrowser" time="7.527"/>
  <system-out/>
</testsuite> <!-- LearnTestng.AchieveParameterization -->
